{"growth":{"heap":"0MB/interval","rss":"0MB/interval"},"level":"error","message":"Potential memory leak detected","service":"api","snapshots":[{"growth":"0MB","heapUsed":"17MB","timestamp":"2025-05-17T23:58:11.151Z"}],"timestamp":"2025-05-17T23:58:11.151Z"}
{"level":"error","message":"Memory LEAK Alert: {\n  \"growth\": {\n    \"heap\": \"0MB/interval\",\n    \"rss\": \"0MB/interval\"\n  }\n}","service":"api","timestamp":"2025-05-17T23:58:11.152Z"}
{"growth":{"heap":"0MB/interval","rss":"1MB/interval"},"level":"error","message":"Potential memory leak detected","service":"api","snapshots":[{"growth":"0MB","heapUsed":"17MB","timestamp":"2025-05-17T23:59:37.612Z"}],"timestamp":"2025-05-17T23:59:37.612Z"}
{"level":"error","message":"Memory LEAK Alert: {\n  \"growth\": {\n    \"heap\": \"0MB/interval\",\n    \"rss\": \"1MB/interval\"\n  }\n}","service":"api","timestamp":"2025-05-17T23:59:37.614Z"}
{"level":"error","message":"Memory CRITICAL Alert: {\n  \"heapUsage\": \"84.3%\",\n  \"systemUsage\": \"93.9%\",\n  \"growth\": {\n    \"heap\": \"0MB\",\n    \"rss\": \"0MB\"\n  }\n}","service":"api","timestamp":"2025-05-18T00:04:37.883Z"}
{"level":"error","message":"Memory CRITICAL Alert: {\n  \"heapUsage\": \"84.3%\",\n  \"systemUsage\": \"98.3%\",\n  \"growth\": {\n    \"heap\": \"0MB\",\n    \"rss\": \"0MB\"\n  }\n}","service":"api","timestamp":"2025-05-18T00:09:38.156Z"}
{"level":"error","message":"Memory CRITICAL Alert: {\n  \"heapUsage\": \"87.0%\",\n  \"systemUsage\": \"98.3%\",\n  \"growth\": {\n    \"heap\": \"0MB\",\n    \"rss\": \"-12MB\"\n  }\n}","service":"api","timestamp":"2025-05-18T00:14:38.396Z"}
{"growth":{"heap":"0MB/interval","rss":"1MB/interval"},"level":"error","message":"Potential memory leak detected","service":"api","snapshots":[{"growth":"0MB","heapUsed":"17MB","timestamp":"2025-05-18T00:19:33.037Z"}],"timestamp":"2025-05-18T00:19:33.038Z"}
{"level":"error","message":"Memory LEAK Alert: {\n  \"growth\": {\n    \"heap\": \"0MB/interval\",\n    \"rss\": \"1MB/interval\"\n  }\n}","service":"api","timestamp":"2025-05-18T00:19:33.040Z"}
{"growth":{"heap":"0MB/interval","rss":"1MB/interval"},"level":"error","message":"Potential memory leak detected","service":"api","snapshots":[{"growth":"0MB","heapUsed":"17MB","timestamp":"2025-05-18T00:20:42.036Z"}],"timestamp":"2025-05-18T00:20:42.037Z"}
{"level":"error","message":"Memory LEAK Alert: {\n  \"growth\": {\n    \"heap\": \"0MB/interval\",\n    \"rss\": \"1MB/interval\"\n  }\n}","service":"api","timestamp":"2025-05-18T00:20:42.039Z"}
{"growth":{"heap":"0MB/interval","rss":"1MB/interval"},"level":"error","message":"Potential memory leak detected","service":"api","snapshots":[{"growth":"0MB","heapUsed":"17MB","timestamp":"2025-05-18T00:21:56.687Z"}],"timestamp":"2025-05-18T00:21:56.688Z"}
{"level":"error","message":"Memory LEAK Alert: {\n  \"growth\": {\n    \"heap\": \"0MB/interval\",\n    \"rss\": \"1MB/interval\"\n  }\n}","service":"api","timestamp":"2025-05-18T00:21:56.690Z"}
{"growth":{"heap":"0MB/interval","rss":"0MB/interval"},"level":"error","message":"Potential memory leak detected","service":"api","snapshots":[{"growth":"0MB","heapUsed":"17MB","timestamp":"2025-05-18T00:23:41.490Z"}],"timestamp":"2025-05-18T00:23:41.490Z"}
{"level":"error","message":"Memory LEAK Alert: {\n  \"growth\": {\n    \"heap\": \"0MB/interval\",\n    \"rss\": \"0MB/interval\"\n  }\n}","service":"api","timestamp":"2025-05-18T00:23:41.492Z"}
{"level":"error","message":"Memory CRITICAL Alert: {\n  \"heapUsage\": \"85.0%\",\n  \"systemUsage\": \"98.7%\",\n  \"growth\": {\n    \"heap\": \"0MB\",\n    \"rss\": \"1MB\"\n  }\n}","service":"api","timestamp":"2025-05-18T00:28:41.744Z"}
{"growth":{"heap":"0MB/interval","rss":"1MB/interval"},"level":"error","message":"Potential memory leak detected","service":"api","snapshots":[{"growth":"0MB","heapUsed":"17MB","timestamp":"2025-05-18T00:29:00.965Z"}],"timestamp":"2025-05-18T00:29:00.966Z"}
{"level":"error","message":"Memory LEAK Alert: {\n  \"growth\": {\n    \"heap\": \"0MB/interval\",\n    \"rss\": \"1MB/interval\"\n  }\n}","service":"api","timestamp":"2025-05-18T00:29:00.968Z"}
{"growth":{"heap":"0MB/interval","rss":"0MB/interval"},"level":"error","message":"Potential memory leak detected","service":"api","snapshots":[{"growth":"0MB","heapUsed":"17MB","timestamp":"2025-05-18T00:31:44.191Z"}],"timestamp":"2025-05-18T00:31:44.192Z"}
{"level":"error","message":"Memory LEAK Alert: {\n  \"growth\": {\n    \"heap\": \"0MB/interval\",\n    \"rss\": \"0MB/interval\"\n  }\n}","service":"api","timestamp":"2025-05-18T00:31:44.194Z"}
{"level":"error","message":"Memory CRITICAL Alert: {\n  \"heapUsage\": \"85.4%\",\n  \"systemUsage\": \"98.8%\",\n  \"growth\": {\n    \"heap\": \"0MB\",\n    \"rss\": \"0MB\"\n  }\n}","service":"api","timestamp":"2025-05-18T00:36:44.399Z"}
{"level":"error","message":"Memory CRITICAL Alert: {\n  \"heapUsage\": \"85.9%\",\n  \"systemUsage\": \"97.9%\",\n  \"growth\": {\n    \"heap\": \"0MB\",\n    \"rss\": \"0MB\"\n  }\n}","service":"api","timestamp":"2025-05-18T00:55:25.302Z"}
{"level":"error","message":"Memory CRITICAL Alert: {\n  \"heapUsage\": \"85.2%\",\n  \"systemUsage\": \"99.0%\",\n  \"growth\": {\n    \"heap\": \"0MB\",\n    \"rss\": \"0MB\"\n  }\n}","service":"api","timestamp":"2025-05-18T01:13:34.284Z"}
{"level":"error","message":"Memory CRITICAL Alert: {\n  \"heapUsage\": \"86.4%\",\n  \"systemUsage\": \"97.1%\",\n  \"growth\": {\n    \"heap\": \"0MB\",\n    \"rss\": \"0MB\"\n  }\n}","service":"api","timestamp":"2025-05-18T01:31:25.270Z"}
{"level":"error","message":"Memory CRITICAL Alert: {\n  \"heapUsage\": \"85.4%\",\n  \"systemUsage\": \"99.1%\",\n  \"growth\": {\n    \"heap\": \"0MB\",\n    \"rss\": \"0MB\"\n  }\n}","service":"api","timestamp":"2025-05-18T01:49:53.258Z"}
{"level":"error","message":"Memory CRITICAL Alert: {\n  \"heapUsage\": \"85.6%\",\n  \"systemUsage\": \"99.2%\",\n  \"growth\": {\n    \"heap\": \"0MB\",\n    \"rss\": \"0MB\"\n  }\n}","service":"api","timestamp":"2025-05-18T02:07:20.251Z"}
{"level":"error","message":"Memory CRITICAL Alert: {\n  \"heapUsage\": \"87.2%\",\n  \"systemUsage\": \"99.0%\",\n  \"growth\": {\n    \"heap\": \"0MB\",\n    \"rss\": \"0MB\"\n  }\n}","service":"api","timestamp":"2025-05-18T02:26:27.247Z"}
{"level":"error","message":"Memory CRITICAL Alert: {\n  \"heapUsage\": \"86.1%\",\n  \"systemUsage\": \"98.9%\",\n  \"growth\": {\n    \"heap\": \"0MB\",\n    \"rss\": \"0MB\"\n  }\n}","service":"api","timestamp":"2025-05-18T02:40:33.241Z"}
{"level":"error","message":"Memory CRITICAL Alert: {\n  \"heapUsage\": \"86.0%\",\n  \"systemUsage\": \"99.1%\",\n  \"growth\": {\n    \"heap\": \"0MB\",\n    \"rss\": \"0MB\"\n  }\n}","service":"api","timestamp":"2025-05-18T02:59:04.234Z"}
{"level":"error","message":"Memory CRITICAL Alert: {\n  \"heapUsage\": \"86.2%\",\n  \"systemUsage\": \"99.0%\",\n  \"growth\": {\n    \"heap\": \"0MB\",\n    \"rss\": \"0MB\"\n  }\n}","service":"api","timestamp":"2025-05-18T03:18:23.226Z"}
{"level":"error","message":"Memory CRITICAL Alert: {\n  \"heapUsage\": \"88.1%\",\n  \"systemUsage\": \"99.0%\",\n  \"growth\": {\n    \"heap\": \"0MB\",\n    \"rss\": \"0MB\"\n  }\n}","service":"api","timestamp":"2025-05-18T03:36:40.223Z"}
{"level":"error","message":"Memory CRITICAL Alert: {\n  \"heapUsage\": \"86.5%\",\n  \"systemUsage\": \"99.0%\",\n  \"growth\": {\n    \"heap\": \"0MB\",\n    \"rss\": \"0MB\"\n  }\n}","service":"api","timestamp":"2025-05-18T03:41:40.230Z"}
{"level":"error","message":"Memory CRITICAL Alert: {\n  \"heapUsage\": \"88.5%\",\n  \"systemUsage\": \"99.1%\",\n  \"growth\": {\n    \"heap\": \"0MB\",\n    \"rss\": \"0MB\"\n  }\n}","service":"api","timestamp":"2025-05-18T03:57:15.215Z"}
{"level":"error","message":"Memory CRITICAL Alert: {\n  \"heapUsage\": \"86.8%\",\n  \"systemUsage\": \"99.2%\",\n  \"growth\": {\n    \"heap\": \"0MB\",\n    \"rss\": \"0MB\"\n  }\n}","service":"api","timestamp":"2025-05-18T04:15:34.206Z"}
{"level":"error","message":"Memory CRITICAL Alert: {\n  \"heapUsage\": \"86.8%\",\n  \"systemUsage\": \"99.2%\",\n  \"growth\": {\n    \"heap\": \"0MB\",\n    \"rss\": \"0MB\"\n  }\n}","service":"api","timestamp":"2025-05-18T04:33:31.199Z"}
{"level":"error","message":"Memory CRITICAL Alert: {\n  \"heapUsage\": \"87.0%\",\n  \"systemUsage\": \"99.3%\",\n  \"growth\": {\n    \"heap\": \"0MB\",\n    \"rss\": \"0MB\"\n  }\n}","service":"api","timestamp":"2025-05-18T04:42:33.198Z"}
{"level":"error","message":"Memory CRITICAL Alert: {\n  \"heapUsage\": \"86.8%\",\n  \"systemUsage\": \"99.0%\",\n  \"growth\": {\n    \"heap\": \"0MB\",\n    \"rss\": \"0MB\"\n  }\n}","service":"api","timestamp":"2025-05-18T04:59:25.191Z"}
{"level":"error","message":"Memory CRITICAL Alert: {\n  \"heapUsage\": \"88.9%\",\n  \"systemUsage\": \"99.1%\",\n  \"growth\": {\n    \"heap\": \"0MB\",\n    \"rss\": \"0MB\"\n  }\n}","service":"api","timestamp":"2025-05-18T05:16:13.188Z"}
{"level":"error","message":"Memory CRITICAL Alert: {\n  \"heapUsage\": \"88.9%\",\n  \"systemUsage\": \"99.3%\",\n  \"growth\": {\n    \"heap\": \"0MB\",\n    \"rss\": \"0MB\"\n  }\n}","service":"api","timestamp":"2025-05-18T05:33:31.179Z"}
{"level":"error","message":"Memory CRITICAL Alert: {\n  \"heapUsage\": \"89.1%\",\n  \"systemUsage\": \"99.0%\",\n  \"growth\": {\n    \"heap\": \"0MB\",\n    \"rss\": \"0MB\"\n  }\n}","service":"api","timestamp":"2025-05-18T05:43:33.174Z"}
{"level":"error","message":"Memory CRITICAL Alert: {\n  \"heapUsage\": \"86.8%\",\n  \"systemUsage\": \"99.0%\",\n  \"growth\": {\n    \"heap\": \"0MB\",\n    \"rss\": \"0MB\"\n  }\n}","service":"api","timestamp":"2025-05-18T06:00:46.164Z"}
{"level":"error","message":"Memory CRITICAL Alert: {\n  \"heapUsage\": \"86.8%\",\n  \"systemUsage\": \"99.2%\",\n  \"growth\": {\n    \"heap\": \"0MB\",\n    \"rss\": \"0MB\"\n  }\n}","service":"api","timestamp":"2025-05-18T06:20:05.160Z"}
{"level":"error","message":"Memory CRITICAL Alert: {\n  \"heapUsage\": \"86.8%\",\n  \"systemUsage\": \"99.0%\",\n  \"growth\": {\n    \"heap\": \"0MB\",\n    \"rss\": \"1MB\"\n  }\n}","service":"api","timestamp":"2025-05-18T06:38:33.153Z"}
{"level":"error","message":"Memory CRITICAL Alert: {\n  \"heapUsage\": \"87.3%\",\n  \"systemUsage\": \"98.8%\",\n  \"growth\": {\n    \"heap\": \"0MB\",\n    \"rss\": \"0MB\"\n  }\n}","service":"api","timestamp":"2025-05-18T06:44:33.150Z"}
{"level":"error","message":"Memory CRITICAL Alert: {\n  \"heapUsage\": \"87.1%\",\n  \"systemUsage\": \"99.3%\",\n  \"growth\": {\n    \"heap\": \"0MB\",\n    \"rss\": \"-1MB\"\n  }\n}","service":"api","timestamp":"2025-05-18T07:02:10.151Z"}
{"level":"error","message":"Memory CRITICAL Alert: {\n  \"heapUsage\": \"87.2%\",\n  \"systemUsage\": \"99.0%\",\n  \"growth\": {\n    \"heap\": \"0MB\",\n    \"rss\": \"0MB\"\n  }\n}","service":"api","timestamp":"2025-05-18T07:19:58.137Z"}
{"level":"error","message":"Memory CRITICAL Alert: {\n  \"heapUsage\": \"87.2%\",\n  \"systemUsage\": \"99.2%\",\n  \"growth\": {\n    \"heap\": \"0MB\",\n    \"rss\": \"0MB\"\n  }\n}","service":"api","timestamp":"2025-05-18T07:37:38.132Z"}
{"level":"error","message":"Memory CRITICAL Alert: {\n  \"heapUsage\": \"87.4%\",\n  \"systemUsage\": \"99.2%\",\n  \"growth\": {\n    \"heap\": \"0MB\",\n    \"rss\": \"0MB\"\n  }\n}","service":"api","timestamp":"2025-05-18T07:45:33.130Z"}
{"level":"error","message":"Memory CRITICAL Alert: {\n  \"heapUsage\": \"87.2%\",\n  \"systemUsage\": \"97.7%\",\n  \"growth\": {\n    \"heap\": \"0MB\",\n    \"rss\": \"0MB\"\n  }\n}","service":"api","timestamp":"2025-05-18T08:03:56.123Z"}
{"level":"error","message":"Memory CRITICAL Alert: {\n  \"heapUsage\": \"87.2%\",\n  \"systemUsage\": \"98.3%\",\n  \"growth\": {\n    \"heap\": \"0MB\",\n    \"rss\": \"0MB\"\n  }\n}","service":"api","timestamp":"2025-05-18T08:21:47.113Z"}
{"level":"error","message":"Memory CRITICAL Alert: {\n  \"heapUsage\": \"85.2%\",\n  \"systemUsage\": \"99.0%\",\n  \"growth\": {\n    \"heap\": \"0MB\",\n    \"rss\": \"0MB\"\n  }\n}","service":"api","timestamp":"2025-05-18T08:39:37.107Z"}
{"level":"error","message":"Memory CRITICAL Alert: {\n  \"heapUsage\": \"87.4%\",\n  \"systemUsage\": \"99.1%\",\n  \"growth\": {\n    \"heap\": \"0MB\",\n    \"rss\": \"0MB\"\n  }\n}","service":"api","timestamp":"2025-05-18T08:46:33.107Z"}
{"level":"error","message":"Memory CRITICAL Alert: {\n  \"heapUsage\": \"85.2%\",\n  \"systemUsage\": \"99.2%\",\n  \"growth\": {\n    \"heap\": \"0MB\",\n    \"rss\": \"0MB\"\n  }\n}","service":"api","timestamp":"2025-05-18T09:03:00.097Z"}
{"level":"error","message":"Memory CRITICAL Alert: {\n  \"heapUsage\": \"87.4%\",\n  \"systemUsage\": \"99.1%\",\n  \"growth\": {\n    \"heap\": \"0MB\",\n    \"rss\": \"0MB\"\n  }\n}","service":"api","timestamp":"2025-05-18T09:21:33.089Z"}
{"level":"error","message":"Memory CRITICAL Alert: {\n  \"heapUsage\": \"87.5%\",\n  \"systemUsage\": \"99.2%\",\n  \"growth\": {\n    \"heap\": \"0MB\",\n    \"rss\": \"0MB\"\n  }\n}","service":"api","timestamp":"2025-05-18T09:38:18.190Z"}
{"level":"error","message":"Memory CRITICAL Alert: {\n  \"heapUsage\": \"85.6%\",\n  \"systemUsage\": \"99.2%\",\n  \"growth\": {\n    \"heap\": \"0MB\",\n    \"rss\": \"0MB\"\n  }\n}","service":"api","timestamp":"2025-05-18T09:47:33.090Z"}
{"level":"error","message":"Memory CRITICAL Alert: {\n  \"heapUsage\": \"85.4%\",\n  \"systemUsage\": \"98.5%\",\n  \"growth\": {\n    \"heap\": \"0MB\",\n    \"rss\": \"0MB\"\n  }\n}","service":"api","timestamp":"2025-05-18T10:03:28.086Z"}
{"level":"error","message":"Memory CRITICAL Alert: {\n  \"heapUsage\": \"85.4%\",\n  \"systemUsage\": \"99.0%\",\n  \"growth\": {\n    \"heap\": \"0MB\",\n    \"rss\": \"0MB\"\n  }\n}","service":"api","timestamp":"2025-05-18T10:22:31.101Z"}
{"level":"error","message":"Memory CRITICAL Alert: {\n  \"heapUsage\": \"85.4%\",\n  \"systemUsage\": \"98.7%\",\n  \"growth\": {\n    \"heap\": \"0MB\",\n    \"rss\": \"0MB\"\n  }\n}","service":"api","timestamp":"2025-05-18T10:41:58.071Z"}
{"level":"error","message":"Memory CRITICAL Alert: {\n  \"heapUsage\": \"85.6%\",\n  \"systemUsage\": \"99.1%\",\n  \"growth\": {\n    \"heap\": \"0MB\",\n    \"rss\": \"0MB\"\n  }\n}","service":"api","timestamp":"2025-05-18T10:48:33.071Z"}
{"level":"error","message":"Memory CRITICAL Alert: {\n  \"heapUsage\": \"85.4%\",\n  \"systemUsage\": \"98.9%\",\n  \"growth\": {\n    \"heap\": \"0MB\",\n    \"rss\": \"0MB\"\n  }\n}","service":"api","timestamp":"2025-05-18T11:05:56.060Z"}
{"level":"error","message":"Memory CRITICAL Alert: {\n  \"heapUsage\": \"85.4%\",\n  \"systemUsage\": \"99.1%\",\n  \"growth\": {\n    \"heap\": \"0MB\",\n    \"rss\": \"0MB\"\n  }\n}","service":"api","timestamp":"2025-05-18T11:22:31.054Z"}
{"level":"error","message":"Memory CRITICAL Alert: {\n  \"heapUsage\": \"85.4%\",\n  \"systemUsage\": \"99.1%\",\n  \"growth\": {\n    \"heap\": \"0MB\",\n    \"rss\": \"0MB\"\n  }\n}","service":"api","timestamp":"2025-05-18T11:40:44.048Z"}
{"level":"error","message":"Memory CRITICAL Alert: {\n  \"heapUsage\": \"85.6%\",\n  \"systemUsage\": \"99.2%\",\n  \"growth\": {\n    \"heap\": \"0MB\",\n    \"rss\": \"0MB\"\n  }\n}","service":"api","timestamp":"2025-05-18T11:49:33.059Z"}
{"level":"error","message":"Memory CRITICAL Alert: {\n  \"heapUsage\": \"85.4%\",\n  \"systemUsage\": \"99.2%\",\n  \"growth\": {\n    \"heap\": \"0MB\",\n    \"rss\": \"0MB\"\n  }\n}","service":"api","timestamp":"2025-05-18T12:05:58.047Z"}
{"level":"error","message":"Memory CRITICAL Alert: {\n  \"heapUsage\": \"85.4%\",\n  \"systemUsage\": \"99.1%\",\n  \"growth\": {\n    \"heap\": \"0MB\",\n    \"rss\": \"0MB\"\n  }\n}","service":"api","timestamp":"2025-05-18T12:22:28.038Z"}
{"level":"error","message":"Memory CRITICAL Alert: {\n  \"heapUsage\": \"85.5%\",\n  \"systemUsage\": \"99.1%\",\n  \"growth\": {\n    \"heap\": \"0MB\",\n    \"rss\": \"0MB\"\n  }\n}","service":"api","timestamp":"2025-05-18T12:40:21.029Z"}
{"level":"error","message":"Memory CRITICAL Alert: {\n  \"heapUsage\": \"85.7%\",\n  \"systemUsage\": \"98.9%\",\n  \"growth\": {\n    \"heap\": \"0MB\",\n    \"rss\": \"0MB\"\n  }\n}","service":"api","timestamp":"2025-05-18T12:50:33.030Z"}
{"level":"error","message":"Memory CRITICAL Alert: {\n  \"heapUsage\": \"85.5%\",\n  \"systemUsage\": \"99.0%\",\n  \"growth\": {\n    \"heap\": \"0MB\",\n    \"rss\": \"0MB\"\n  }\n}","service":"api","timestamp":"2025-05-18T13:06:36.016Z"}
{"level":"error","message":"Memory CRITICAL Alert: {\n  \"heapUsage\": \"85.5%\",\n  \"systemUsage\": \"99.1%\",\n  \"growth\": {\n    \"heap\": \"0MB\",\n    \"rss\": \"1MB\"\n  }\n}","service":"api","timestamp":"2025-05-18T13:23:36.020Z"}
{"level":"error","message":"Memory CRITICAL Alert: {\n  \"heapUsage\": \"85.5%\",\n  \"systemUsage\": \"99.2%\",\n  \"growth\": {\n    \"heap\": \"0MB\",\n    \"rss\": \"0MB\"\n  }\n}","service":"api","timestamp":"2025-05-18T13:42:20.007Z"}
{"level":"error","message":"Memory CRITICAL Alert: {\n  \"heapUsage\": \"85.7%\",\n  \"systemUsage\": \"99.2%\",\n  \"growth\": {\n    \"heap\": \"0MB\",\n    \"rss\": \"0MB\"\n  }\n}","service":"api","timestamp":"2025-05-18T13:51:33.002Z"}
{"level":"error","message":"Memory CRITICAL Alert: {\n  \"heapUsage\": \"85.5%\",\n  \"systemUsage\": \"99.2%\",\n  \"growth\": {\n    \"heap\": \"0MB\",\n    \"rss\": \"3MB\"\n  }\n}","service":"api","timestamp":"2025-05-18T14:09:40.000Z"}
{"level":"error","message":"Memory CRITICAL Alert: {\n  \"heapUsage\": \"85.8%\",\n  \"systemUsage\": \"99.2%\",\n  \"growth\": {\n    \"heap\": \"0MB\",\n    \"rss\": \"0MB\"\n  }\n}","service":"api","timestamp":"2025-05-18T14:28:23.991Z"}
{"level":"error","message":"Memory CRITICAL Alert: {\n  \"heapUsage\": \"85.1%\",\n  \"systemUsage\": \"99.3%\",\n  \"growth\": {\n    \"heap\": \"0MB\",\n    \"rss\": \"-2MB\"\n  }\n}","service":"api","timestamp":"2025-05-18T14:45:50.995Z"}
{"level":"error","message":"Memory CRITICAL Alert: {\n  \"heapUsage\": \"85.3%\",\n  \"systemUsage\": \"99.0%\",\n  \"growth\": {\n    \"heap\": \"0MB\",\n    \"rss\": \"0MB\"\n  }\n}","service":"api","timestamp":"2025-05-18T14:52:33.078Z"}
{"level":"error","message":"Memory CRITICAL Alert: {\n  \"heapUsage\": \"85.1%\",\n  \"systemUsage\": \"98.8%\",\n  \"growth\": {\n    \"heap\": \"0MB\",\n    \"rss\": \"0MB\"\n  }\n}","service":"api","timestamp":"2025-05-18T15:09:19.972Z"}
{"level":"error","message":"Memory CRITICAL Alert: {\n  \"heapUsage\": \"85.1%\",\n  \"systemUsage\": \"99.1%\",\n  \"growth\": {\n    \"heap\": \"0MB\",\n    \"rss\": \"0MB\"\n  }\n}","service":"api","timestamp":"2025-05-18T15:27:03.969Z"}
{"level":"error","message":"Memory CRITICAL Alert: {\n  \"heapUsage\": \"85.1%\",\n  \"systemUsage\": \"99.2%\",\n  \"growth\": {\n    \"heap\": \"0MB\",\n    \"rss\": \"0MB\"\n  }\n}","service":"api","timestamp":"2025-05-18T15:45:12.959Z"}
{"level":"error","message":"Memory CRITICAL Alert: {\n  \"heapUsage\": \"85.1%\",\n  \"systemUsage\": \"99.0%\",\n  \"growth\": {\n    \"heap\": \"0MB\",\n    \"rss\": \"0MB\"\n  }\n}","service":"api","timestamp":"2025-05-18T15:50:13.317Z"}
{"growth":{"heap":"0MB/interval","rss":"1MB/interval"},"level":"error","message":"Potential memory leak detected","service":"api","snapshots":[{"growth":"0MB","heapUsed":"17MB","timestamp":"2025-05-18T15:53:33.326Z"}],"timestamp":"2025-05-18T15:53:33.327Z"}
{"level":"error","message":"Memory LEAK Alert: {\n  \"growth\": {\n    \"heap\": \"0MB/interval\",\n    \"rss\": \"1MB/interval\"\n  }\n}","service":"api","timestamp":"2025-05-18T15:53:33.329Z"}
{"level":"error","message":"Memory CRITICAL Alert: {\n  \"heapUsage\": \"84.3%\",\n  \"systemUsage\": \"98.8%\",\n  \"growth\": {\n    \"heap\": \"0MB\",\n    \"rss\": \"13MB\"\n  }\n}","service":"api","timestamp":"2025-05-18T15:58:33.581Z"}
{"level":"error","message":"Memory CRITICAL Alert: {\n  \"heapUsage\": \"87.7%\",\n  \"systemUsage\": \"98.7%\",\n  \"growth\": {\n    \"heap\": \"0MB\",\n    \"rss\": \"0MB\"\n  }\n}","service":"api","timestamp":"2025-05-18T16:03:33.813Z"}
{"level":"error","message":"Memory CRITICAL Alert: {\n  \"heapUsage\": \"88.2%\",\n  \"systemUsage\": \"98.8%\",\n  \"growth\": {\n    \"heap\": \"0MB\",\n    \"rss\": \"0MB\"\n  }\n}","service":"api","timestamp":"2025-05-18T16:08:34.073Z"}
{"level":"error","message":"Memory CRITICAL Alert: {\n  \"heapUsage\": \"84.7%\",\n  \"systemUsage\": \"98.9%\",\n  \"growth\": {\n    \"heap\": \"0MB\",\n    \"rss\": \"0MB\"\n  }\n}","service":"api","timestamp":"2025-05-18T16:13:34.329Z"}
{"growth":{"heap":"0MB/interval","rss":"0MB/interval"},"level":"error","message":"Potential memory leak detected","service":"api","snapshots":[{"growth":"0MB","heapUsed":"17MB","timestamp":"2025-05-18T16:15:28.465Z"}],"timestamp":"2025-05-18T16:15:28.466Z"}
{"level":"error","message":"Memory LEAK Alert: {\n  \"growth\": {\n    \"heap\": \"0MB/interval\",\n    \"rss\": \"0MB/interval\"\n  }\n}","service":"api","timestamp":"2025-05-18T16:15:28.467Z"}
{"level":"error","message":"Memory CRITICAL Alert: {\n  \"heapUsage\": \"86.1%\",\n  \"systemUsage\": \"98.7%\",\n  \"growth\": {\n    \"heap\": \"0MB\",\n    \"rss\": \"0MB\"\n  }\n}","service":"api","timestamp":"2025-05-18T16:20:28.758Z"}
{"growth":{"heap":"0MB/interval","rss":"1MB/interval"},"level":"error","message":"Potential memory leak detected","service":"api","snapshots":[{"growth":"0MB","heapUsed":"17MB","timestamp":"2025-05-18T16:21:56.416Z"}],"timestamp":"2025-05-18T16:21:56.416Z"}
{"level":"error","message":"Memory LEAK Alert: {\n  \"growth\": {\n    \"heap\": \"0MB/interval\",\n    \"rss\": \"1MB/interval\"\n  }\n}","service":"api","timestamp":"2025-05-18T16:21:56.419Z"}
{"growth":{"heap":"0MB/interval","rss":"0MB/interval"},"level":"error","message":"Potential memory leak detected","service":"api","snapshots":[{"growth":"0MB","heapUsed":"17MB","timestamp":"2025-05-18T16:25:18.531Z"}],"timestamp":"2025-05-18T16:25:18.531Z"}
{"level":"error","message":"Memory LEAK Alert: {\n  \"growth\": {\n    \"heap\": \"0MB/interval\",\n    \"rss\": \"0MB/interval\"\n  }\n}","service":"api","timestamp":"2025-05-18T16:25:18.533Z"}
{"level":"error","message":"Memory CRITICAL Alert: {\n  \"heapUsage\": \"85.4%\",\n  \"systemUsage\": \"99.0%\",\n  \"growth\": {\n    \"heap\": \"0MB\",\n    \"rss\": \"0MB\"\n  }\n}","service":"api","timestamp":"2025-05-18T16:30:18.786Z"}
{"growth":{"heap":"0MB/interval","rss":"0MB/interval"},"level":"error","message":"Potential memory leak detected","service":"api","snapshots":[{"growth":"0MB","heapUsed":"17MB","timestamp":"2025-05-18T16:30:41.610Z"}],"timestamp":"2025-05-18T16:30:41.610Z"}
{"level":"error","message":"Memory LEAK Alert: {\n  \"growth\": {\n    \"heap\": \"0MB/interval\",\n    \"rss\": \"0MB/interval\"\n  }\n}","service":"api","timestamp":"2025-05-18T16:30:41.613Z"}
{"growth":{"heap":"0MB/interval","rss":"0MB/interval"},"level":"error","message":"Potential memory leak detected","service":"api","snapshots":[{"growth":"0MB","heapUsed":"17MB","timestamp":"2025-05-18T16:36:44.043Z"}],"timestamp":"2025-05-18T16:36:44.044Z"}
{"level":"error","message":"Memory LEAK Alert: {\n  \"growth\": {\n    \"heap\": \"0MB/interval\",\n    \"rss\": \"0MB/interval\"\n  }\n}","service":"api","timestamp":"2025-05-18T16:36:44.046Z"}
{"growth":{"heap":"0MB/interval","rss":"-4MB/interval"},"level":"error","message":"Potential memory leak detected","service":"api","snapshots":[{"growth":"0MB","heapUsed":"17MB","timestamp":"2025-05-18T16:44:05.963Z"}],"timestamp":"2025-05-18T16:44:05.964Z"}
{"level":"error","message":"Memory LEAK Alert: {\n  \"growth\": {\n    \"heap\": \"0MB/interval\",\n    \"rss\": \"-4MB/interval\"\n  }\n}","service":"api","timestamp":"2025-05-18T16:44:05.964Z"}
{"level":"error","message":"Memory CRITICAL Alert: {\n  \"heapUsage\": \"86.1%\",\n  \"systemUsage\": \"98.3%\",\n  \"growth\": {\n    \"heap\": \"0MB\",\n    \"rss\": \"-11MB\"\n  }\n}","service":"api","timestamp":"2025-05-18T16:49:06.242Z"}
{"level":"error","message":"Memory CRITICAL Alert: {\n  \"heapUsage\": \"85.4%\",\n  \"systemUsage\": \"98.5%\",\n  \"growth\": {\n    \"heap\": \"0MB\",\n    \"rss\": \"0MB\"\n  }\n}","service":"api","timestamp":"2025-05-18T16:54:06.494Z"}
{"level":"error","message":"Memory CRITICAL Alert: {\n  \"heapUsage\": \"88.1%\",\n  \"systemUsage\": \"97.8%\",\n  \"growth\": {\n    \"heap\": \"0MB\",\n    \"rss\": \"0MB\"\n  }\n}","service":"api","timestamp":"2025-05-18T16:59:06.756Z"}
{"level":"error","message":"Memory CRITICAL Alert: {\n  \"heapUsage\": \"84.7%\",\n  \"systemUsage\": \"98.9%\",\n  \"growth\": {\n    \"heap\": \"0MB\",\n    \"rss\": \"-1MB\"\n  }\n}","service":"api","timestamp":"2025-05-18T17:04:07.032Z"}
{"level":"error","message":"Memory CRITICAL Alert: {\n  \"heapUsage\": \"87.2%\",\n  \"systemUsage\": \"98.0%\",\n  \"growth\": {\n    \"heap\": \"0MB\",\n    \"rss\": \"0MB\"\n  }\n}","service":"api","timestamp":"2025-05-18T17:09:07.336Z"}
{"level":"error","message":"Memory CRITICAL Alert: {\n  \"heapUsage\": \"87.1%\",\n  \"systemUsage\": \"97.9%\",\n  \"growth\": {\n    \"heap\": \"0MB\",\n    \"rss\": \"0MB\"\n  }\n}","service":"api","timestamp":"2025-05-18T17:14:07.595Z"}
{"level":"error","message":"Memory CRITICAL Alert: {\n  \"heapUsage\": \"87.3%\",\n  \"systemUsage\": \"98.7%\",\n  \"growth\": {\n    \"heap\": \"0MB\",\n    \"rss\": \"0MB\"\n  }\n}","service":"api","timestamp":"2025-05-18T17:19:07.861Z"}
{"growth":{"heap":"0MB/interval","rss":"1MB/interval"},"level":"error","message":"Potential memory leak detected","service":"api","snapshots":[{"growth":"0MB","heapUsed":"17MB","timestamp":"2025-05-18T17:22:43.177Z"}],"timestamp":"2025-05-18T17:22:43.177Z"}
{"level":"error","message":"Memory LEAK Alert: {\n  \"growth\": {\n    \"heap\": \"0MB/interval\",\n    \"rss\": \"1MB/interval\"\n  }\n}","service":"api","timestamp":"2025-05-18T17:22:43.178Z"}
{"growth":{"heap":"0MB/interval","rss":"-10MB/interval"},"level":"error","message":"Potential memory leak detected","service":"api","snapshots":[{"growth":"0MB","heapUsed":"17MB","timestamp":"2025-05-18T17:24:52.928Z"}],"timestamp":"2025-05-18T17:24:52.928Z"}
{"level":"error","message":"Memory LEAK Alert: {\n  \"growth\": {\n    \"heap\": \"0MB/interval\",\n    \"rss\": \"-10MB/interval\"\n  }\n}","service":"api","timestamp":"2025-05-18T17:24:52.929Z"}
{"level":"error","message":"Memory CRITICAL Alert: {\n  \"heapUsage\": \"85.0%\",\n  \"systemUsage\": \"99.0%\",\n  \"growth\": {\n    \"heap\": \"0MB\",\n    \"rss\": \"0MB\"\n  }\n}","service":"api","timestamp":"2025-05-18T17:29:53.195Z"}
{"level":"error","message":"Memory CRITICAL Alert: {\n  \"heapUsage\": \"86.6%\",\n  \"systemUsage\": \"98.9%\",\n  \"growth\": {\n    \"heap\": \"0MB\",\n    \"rss\": \"0MB\"\n  }\n}","service":"api","timestamp":"2025-05-18T17:34:53.450Z"}
{"level":"error","message":"Memory CRITICAL Alert: {\n  \"heapUsage\": \"88.1%\",\n  \"systemUsage\": \"98.9%\",\n  \"growth\": {\n    \"heap\": \"0MB\",\n    \"rss\": \"0MB\"\n  }\n}","service":"api","timestamp":"2025-05-18T17:39:53.687Z"}
{"growth":{"heap":"0MB/interval","rss":"1MB/interval"},"level":"error","message":"Potential memory leak detected","service":"api","snapshots":[{"growth":"0MB","heapUsed":"17MB","timestamp":"2025-05-18T17:43:56.787Z"}],"timestamp":"2025-05-18T17:43:56.787Z"}
{"level":"error","message":"Memory LEAK Alert: {\n  \"growth\": {\n    \"heap\": \"0MB/interval\",\n    \"rss\": \"1MB/interval\"\n  }\n}","service":"api","timestamp":"2025-05-18T17:43:56.790Z"}
{"growth":{"heap":"0MB/interval","rss":"1MB/interval"},"level":"error","message":"Potential memory leak detected","service":"api","snapshots":[{"growth":"0MB","heapUsed":"17MB","timestamp":"2025-05-18T17:44:51.481Z"}],"timestamp":"2025-05-18T17:44:51.481Z"}
{"level":"error","message":"Memory LEAK Alert: {\n  \"growth\": {\n    \"heap\": \"0MB/interval\",\n    \"rss\": \"1MB/interval\"\n  }\n}","service":"api","timestamp":"2025-05-18T17:44:51.482Z"}
{"address":null,"code":"EADDRINUSE","errno":-48,"level":"error","message":"Uncaught Exception: bind EADDRINUSE null:3000","port":3000,"service":"api","stack":"Error: bind EADDRINUSE null:3000\n    at listenOnPrimaryHandle (node:net:2018:18)\n    at rr (node:internal/cluster/child:163:12)\n    at Worker.<anonymous> (node:internal/cluster/child:113:7)\n    at process.onInternalMessage (node:internal/cluster/utils:49:5)\n    at process.emit (node:events:530:35)\n    at emit (node:internal/child_process:949:14)\n    at process.processTicksAndRejections (node:internal/process/task_queues:91:21)","syscall":"bind","timestamp":"2025-05-18T19:16:00.531Z"}
{"growth":{"heap":"0MB/interval","rss":"1MB/interval"},"level":"error","message":"Potential memory leak detected","service":"api","snapshots":[{"growth":"0MB","heapUsed":"17MB","timestamp":"2025-05-18T19:16:01.520Z"}],"timestamp":"2025-05-18T19:16:01.521Z"}
{"level":"error","message":"Memory LEAK Alert: {\n  \"growth\": {\n    \"heap\": \"0MB/interval\",\n    \"rss\": \"1MB/interval\"\n  }\n}","service":"api","timestamp":"2025-05-18T19:16:01.522Z"}
{"address":null,"code":"EADDRINUSE","errno":-48,"level":"error","message":"Uncaught Exception: bind EADDRINUSE null:3000","port":3000,"service":"api","stack":"Error: bind EADDRINUSE null:3000\n    at listenOnPrimaryHandle (node:net:2018:18)\n    at rr (node:internal/cluster/child:163:12)\n    at Worker.<anonymous> (node:internal/cluster/child:113:7)\n    at process.onInternalMessage (node:internal/cluster/utils:49:5)\n    at process.emit (node:events:530:35)\n    at emit (node:internal/child_process:949:14)\n    at process.processTicksAndRejections (node:internal/process/task_queues:91:21)","syscall":"bind","timestamp":"2025-05-18T19:16:02.770Z"}
{"growth":{"heap":"0MB/interval","rss":"1MB/interval"},"level":"error","message":"Potential memory leak detected","service":"api","snapshots":[{"growth":"0MB","heapUsed":"17MB","timestamp":"2025-05-18T19:16:03.761Z"}],"timestamp":"2025-05-18T19:16:03.761Z"}
{"level":"error","message":"Memory LEAK Alert: {\n  \"growth\": {\n    \"heap\": \"0MB/interval\",\n    \"rss\": \"1MB/interval\"\n  }\n}","service":"api","timestamp":"2025-05-18T19:16:03.762Z"}
{"address":null,"code":"EADDRINUSE","errno":-48,"level":"error","message":"Uncaught Exception: bind EADDRINUSE null:3000","port":3000,"service":"api","stack":"Error: bind EADDRINUSE null:3000\n    at listenOnPrimaryHandle (node:net:2018:18)\n    at rr (node:internal/cluster/child:163:12)\n    at Worker.<anonymous> (node:internal/cluster/child:113:7)\n    at process.onInternalMessage (node:internal/cluster/utils:49:5)\n    at process.emit (node:events:530:35)\n    at emit (node:internal/child_process:949:14)\n    at process.processTicksAndRejections (node:internal/process/task_queues:91:21)","syscall":"bind","timestamp":"2025-05-18T19:16:05.516Z"}
{"growth":{"heap":"0MB/interval","rss":"1MB/interval"},"level":"error","message":"Potential memory leak detected","service":"api","snapshots":[{"growth":"0MB","heapUsed":"17MB","timestamp":"2025-05-18T19:16:06.498Z"}],"timestamp":"2025-05-18T19:16:06.498Z"}
{"level":"error","message":"Memory LEAK Alert: {\n  \"growth\": {\n    \"heap\": \"0MB/interval\",\n    \"rss\": \"1MB/interval\"\n  }\n}","service":"api","timestamp":"2025-05-18T19:16:06.498Z"}
{"address":null,"code":"EADDRINUSE","errno":-48,"level":"error","message":"Uncaught Exception: bind EADDRINUSE null:3000","port":3000,"service":"api","stack":"Error: bind EADDRINUSE null:3000\n    at listenOnPrimaryHandle (node:net:2018:18)\n    at rr (node:internal/cluster/child:163:12)\n    at Worker.<anonymous> (node:internal/cluster/child:113:7)\n    at process.onInternalMessage (node:internal/cluster/utils:49:5)\n    at process.emit (node:events:530:35)\n    at emit (node:internal/child_process:949:14)\n    at process.processTicksAndRejections (node:internal/process/task_queues:91:21)","syscall":"bind","timestamp":"2025-05-18T19:16:08.989Z"}
{"growth":{"heap":"0MB/interval","rss":"-9MB/interval"},"level":"error","message":"Potential memory leak detected","service":"api","snapshots":[{"growth":"0MB","heapUsed":"17MB","timestamp":"2025-05-18T19:16:09.979Z"}],"timestamp":"2025-05-18T19:16:09.980Z"}
{"level":"error","message":"Memory LEAK Alert: {\n  \"growth\": {\n    \"heap\": \"0MB/interval\",\n    \"rss\": \"-9MB/interval\"\n  }\n}","service":"api","timestamp":"2025-05-18T19:16:09.980Z"}
{"address":null,"code":"EADDRINUSE","errno":-48,"level":"error","message":"Uncaught Exception: bind EADDRINUSE null:3000","port":3000,"service":"api","stack":"Error: bind EADDRINUSE null:3000\n    at listenOnPrimaryHandle (node:net:2018:18)\n    at rr (node:internal/cluster/child:163:12)\n    at Worker.<anonymous> (node:internal/cluster/child:113:7)\n    at process.onInternalMessage (node:internal/cluster/utils:49:5)\n    at process.emit (node:events:530:35)\n    at emit (node:internal/child_process:949:14)\n    at process.processTicksAndRejections (node:internal/process/task_queues:91:21)","syscall":"bind","timestamp":"2025-05-18T19:16:13.651Z"}
{"growth":{"heap":"0MB/interval","rss":"1MB/interval"},"level":"error","message":"Potential memory leak detected","service":"api","snapshots":[{"growth":"0MB","heapUsed":"17MB","timestamp":"2025-05-18T19:16:14.639Z"}],"timestamp":"2025-05-18T19:16:14.639Z"}
{"level":"error","message":"Memory LEAK Alert: {\n  \"growth\": {\n    \"heap\": \"0MB/interval\",\n    \"rss\": \"1MB/interval\"\n  }\n}","service":"api","timestamp":"2025-05-18T19:16:14.639Z"}
{"address":null,"code":"EADDRINUSE","errno":-48,"level":"error","message":"Uncaught Exception: bind EADDRINUSE null:3000","port":3000,"service":"api","stack":"Error: bind EADDRINUSE null:3000\n    at listenOnPrimaryHandle (node:net:2018:18)\n    at rr (node:internal/cluster/child:163:12)\n    at Worker.<anonymous> (node:internal/cluster/child:113:7)\n    at process.onInternalMessage (node:internal/cluster/utils:49:5)\n    at process.emit (node:events:530:35)\n    at emit (node:internal/child_process:949:14)\n    at process.processTicksAndRejections (node:internal/process/task_queues:91:21)","syscall":"bind","timestamp":"2025-05-18T19:16:20.005Z"}
{"growth":{"heap":"0MB/interval","rss":"1MB/interval"},"level":"error","message":"Potential memory leak detected","service":"api","snapshots":[{"growth":"0MB","heapUsed":"17MB","timestamp":"2025-05-18T19:16:20.994Z"}],"timestamp":"2025-05-18T19:16:20.994Z"}
{"level":"error","message":"Memory LEAK Alert: {\n  \"growth\": {\n    \"heap\": \"0MB/interval\",\n    \"rss\": \"1MB/interval\"\n  }\n}","service":"api","timestamp":"2025-05-18T19:16:20.996Z"}
{"address":null,"code":"EADDRINUSE","errno":-48,"level":"error","message":"Uncaught Exception: bind EADDRINUSE null:3000","port":3000,"service":"api","stack":"Error: bind EADDRINUSE null:3000\n    at listenOnPrimaryHandle (node:net:2018:18)\n    at rr (node:internal/cluster/child:163:12)\n    at Worker.<anonymous> (node:internal/cluster/child:113:7)\n    at process.onInternalMessage (node:internal/cluster/utils:49:5)\n    at process.emit (node:events:530:35)\n    at emit (node:internal/child_process:949:14)\n    at process.processTicksAndRejections (node:internal/process/task_queues:91:21)","syscall":"bind","timestamp":"2025-05-18T19:16:28.895Z"}
{"growth":{"heap":"0MB/interval","rss":"1MB/interval"},"level":"error","message":"Potential memory leak detected","service":"api","snapshots":[{"growth":"0MB","heapUsed":"17MB","timestamp":"2025-05-18T19:16:29.887Z"}],"timestamp":"2025-05-18T19:16:29.888Z"}
{"level":"error","message":"Memory LEAK Alert: {\n  \"growth\": {\n    \"heap\": \"0MB/interval\",\n    \"rss\": \"1MB/interval\"\n  }\n}","service":"api","timestamp":"2025-05-18T19:16:29.889Z"}
{"address":null,"code":"EADDRINUSE","errno":-48,"level":"error","message":"Uncaught Exception: bind EADDRINUSE null:3000","port":3000,"service":"api","stack":"Error: bind EADDRINUSE null:3000\n    at listenOnPrimaryHandle (node:net:2018:18)\n    at rr (node:internal/cluster/child:163:12)\n    at Worker.<anonymous> (node:internal/cluster/child:113:7)\n    at process.onInternalMessage (node:internal/cluster/utils:49:5)\n    at process.emit (node:events:530:35)\n    at emit (node:internal/child_process:949:14)\n    at process.processTicksAndRejections (node:internal/process/task_queues:91:21)","syscall":"bind","timestamp":"2025-05-18T19:16:41.604Z"}
{"growth":{"heap":"0MB/interval","rss":"-9MB/interval"},"level":"error","message":"Potential memory leak detected","service":"api","snapshots":[{"growth":"0MB","heapUsed":"17MB","timestamp":"2025-05-18T19:16:42.593Z"}],"timestamp":"2025-05-18T19:16:42.594Z"}
{"level":"error","message":"Memory LEAK Alert: {\n  \"growth\": {\n    \"heap\": \"0MB/interval\",\n    \"rss\": \"-9MB/interval\"\n  }\n}","service":"api","timestamp":"2025-05-18T19:16:42.595Z"}
{"address":null,"code":"EADDRINUSE","errno":-48,"level":"error","message":"Uncaught Exception: bind EADDRINUSE null:3000","port":3000,"service":"api","stack":"Error: bind EADDRINUSE null:3000\n    at listenOnPrimaryHandle (node:net:2018:18)\n    at rr (node:internal/cluster/child:163:12)\n    at Worker.<anonymous> (node:internal/cluster/child:113:7)\n    at process.onInternalMessage (node:internal/cluster/utils:49:5)\n    at process.emit (node:events:530:35)\n    at emit (node:internal/child_process:949:14)\n    at process.processTicksAndRejections (node:internal/process/task_queues:91:21)","syscall":"bind","timestamp":"2025-05-18T19:16:58.217Z"}
{"growth":{"heap":"0MB/interval","rss":"-4MB/interval"},"level":"error","message":"Potential memory leak detected","service":"api","snapshots":[{"growth":"0MB","heapUsed":"17MB","timestamp":"2025-05-18T19:16:59.196Z"}],"timestamp":"2025-05-18T19:16:59.197Z"}
{"level":"error","message":"Memory LEAK Alert: {\n  \"growth\": {\n    \"heap\": \"0MB/interval\",\n    \"rss\": \"-4MB/interval\"\n  }\n}","service":"api","timestamp":"2025-05-18T19:16:59.198Z"}
{"address":null,"code":"EADDRINUSE","errno":-48,"level":"error","message":"Uncaught Exception: bind EADDRINUSE null:3000","port":3000,"service":"api","stack":"Error: bind EADDRINUSE null:3000\n    at listenOnPrimaryHandle (node:net:2018:18)\n    at rr (node:internal/cluster/child:163:12)\n    at Worker.<anonymous> (node:internal/cluster/child:113:7)\n    at process.onInternalMessage (node:internal/cluster/utils:49:5)\n    at process.emit (node:events:530:35)\n    at emit (node:internal/child_process:949:14)\n    at process.processTicksAndRejections (node:internal/process/task_queues:91:21)","syscall":"bind","timestamp":"2025-05-18T19:17:14.694Z"}
{"growth":{"heap":"0MB/interval","rss":"-9MB/interval"},"level":"error","message":"Potential memory leak detected","service":"api","snapshots":[{"growth":"0MB","heapUsed":"17MB","timestamp":"2025-05-18T19:17:15.678Z"}],"timestamp":"2025-05-18T19:17:15.678Z"}
{"level":"error","message":"Memory LEAK Alert: {\n  \"growth\": {\n    \"heap\": \"0MB/interval\",\n    \"rss\": \"-9MB/interval\"\n  }\n}","service":"api","timestamp":"2025-05-18T19:17:15.679Z"}
{"address":null,"code":"EADDRINUSE","errno":-48,"level":"error","message":"Uncaught Exception: bind EADDRINUSE null:3000","port":3000,"service":"api","stack":"Error: bind EADDRINUSE null:3000\n    at listenOnPrimaryHandle (node:net:2018:18)\n    at rr (node:internal/cluster/child:163:12)\n    at Worker.<anonymous> (node:internal/cluster/child:113:7)\n    at process.onInternalMessage (node:internal/cluster/utils:49:5)\n    at process.emit (node:events:530:35)\n    at emit (node:internal/child_process:949:14)\n    at process.processTicksAndRejections (node:internal/process/task_queues:91:21)","syscall":"bind","timestamp":"2025-05-18T19:17:31.181Z"}
{"growth":{"heap":"0MB/interval","rss":"1MB/interval"},"level":"error","message":"Potential memory leak detected","service":"api","snapshots":[{"growth":"0MB","heapUsed":"17MB","timestamp":"2025-05-18T19:17:32.164Z"}],"timestamp":"2025-05-18T19:17:32.165Z"}
{"level":"error","message":"Memory LEAK Alert: {\n  \"growth\": {\n    \"heap\": \"0MB/interval\",\n    \"rss\": \"1MB/interval\"\n  }\n}","service":"api","timestamp":"2025-05-18T19:17:32.167Z"}
{"address":null,"code":"EADDRINUSE","errno":-48,"level":"error","message":"Uncaught Exception: bind EADDRINUSE null:3000","port":3000,"service":"api","stack":"Error: bind EADDRINUSE null:3000\n    at listenOnPrimaryHandle (node:net:2018:18)\n    at rr (node:internal/cluster/child:163:12)\n    at Worker.<anonymous> (node:internal/cluster/child:113:7)\n    at process.onInternalMessage (node:internal/cluster/utils:49:5)\n    at process.emit (node:events:530:35)\n    at emit (node:internal/child_process:949:14)\n    at process.processTicksAndRejections (node:internal/process/task_queues:91:21)","syscall":"bind","timestamp":"2025-05-18T19:17:47.539Z"}
{"growth":{"heap":"0MB/interval","rss":"-8MB/interval"},"level":"error","message":"Potential memory leak detected","service":"api","snapshots":[{"growth":"0MB","heapUsed":"17MB","timestamp":"2025-05-18T19:17:48.529Z"}],"timestamp":"2025-05-18T19:17:48.530Z"}
{"level":"error","message":"Memory LEAK Alert: {\n  \"growth\": {\n    \"heap\": \"0MB/interval\",\n    \"rss\": \"-8MB/interval\"\n  }\n}","service":"api","timestamp":"2025-05-18T19:17:48.531Z"}
{"address":null,"code":"EADDRINUSE","errno":-48,"level":"error","message":"Uncaught Exception: bind EADDRINUSE null:3000","port":3000,"service":"api","stack":"Error: bind EADDRINUSE null:3000\n    at listenOnPrimaryHandle (node:net:2018:18)\n    at rr (node:internal/cluster/child:163:12)\n    at Worker.<anonymous> (node:internal/cluster/child:113:7)\n    at process.onInternalMessage (node:internal/cluster/utils:49:5)\n    at process.emit (node:events:530:35)\n    at emit (node:internal/child_process:949:14)\n    at process.processTicksAndRejections (node:internal/process/task_queues:91:21)","syscall":"bind","timestamp":"2025-05-18T19:18:03.948Z"}
{"growth":{"heap":"0MB/interval","rss":"-1MB/interval"},"level":"error","message":"Potential memory leak detected","service":"api","snapshots":[{"growth":"0MB","heapUsed":"17MB","timestamp":"2025-05-18T19:18:04.936Z"}],"timestamp":"2025-05-18T19:18:04.936Z"}
{"level":"error","message":"Memory LEAK Alert: {\n  \"growth\": {\n    \"heap\": \"0MB/interval\",\n    \"rss\": \"-1MB/interval\"\n  }\n}","service":"api","timestamp":"2025-05-18T19:18:04.937Z"}
{"address":null,"code":"EADDRINUSE","errno":-48,"level":"error","message":"Uncaught Exception: bind EADDRINUSE null:3000","port":3000,"service":"api","stack":"Error: bind EADDRINUSE null:3000\n    at listenOnPrimaryHandle (node:net:2018:18)\n    at rr (node:internal/cluster/child:163:12)\n    at Worker.<anonymous> (node:internal/cluster/child:113:7)\n    at process.onInternalMessage (node:internal/cluster/utils:49:5)\n    at process.emit (node:events:530:35)\n    at emit (node:internal/child_process:949:14)\n    at process.processTicksAndRejections (node:internal/process/task_queues:91:21)","syscall":"bind","timestamp":"2025-05-18T19:18:20.329Z"}
{"growth":{"heap":"0MB/interval","rss":"-3MB/interval"},"level":"error","message":"Potential memory leak detected","service":"api","snapshots":[{"growth":"0MB","heapUsed":"17MB","timestamp":"2025-05-18T19:18:21.320Z"}],"timestamp":"2025-05-18T19:18:21.321Z"}
{"level":"error","message":"Memory LEAK Alert: {\n  \"growth\": {\n    \"heap\": \"0MB/interval\",\n    \"rss\": \"-3MB/interval\"\n  }\n}","service":"api","timestamp":"2025-05-18T19:18:21.327Z"}
{"address":null,"code":"EADDRINUSE","errno":-48,"level":"error","message":"Uncaught Exception: bind EADDRINUSE null:3000","port":3000,"service":"api","stack":"Error: bind EADDRINUSE null:3000\n    at listenOnPrimaryHandle (node:net:2018:18)\n    at rr (node:internal/cluster/child:163:12)\n    at Worker.<anonymous> (node:internal/cluster/child:113:7)\n    at process.onInternalMessage (node:internal/cluster/utils:49:5)\n    at process.emit (node:events:530:35)\n    at emit (node:internal/child_process:949:14)\n    at process.processTicksAndRejections (node:internal/process/task_queues:91:21)","syscall":"bind","timestamp":"2025-05-18T19:18:36.673Z"}
{"growth":{"heap":"0MB/interval","rss":"1MB/interval"},"level":"error","message":"Potential memory leak detected","service":"api","snapshots":[{"growth":"0MB","heapUsed":"17MB","timestamp":"2025-05-18T19:18:37.660Z"}],"timestamp":"2025-05-18T19:18:37.661Z"}
{"level":"error","message":"Memory LEAK Alert: {\n  \"growth\": {\n    \"heap\": \"0MB/interval\",\n    \"rss\": \"1MB/interval\"\n  }\n}","service":"api","timestamp":"2025-05-18T19:18:37.662Z"}
{"growth":{"heap":"1MB/interval","rss":"-17MB/interval"},"level":"error","message":"Potential memory leak detected","service":"api","snapshots":[{"growth":"1MB","heapUsed":"17MB","timestamp":"2025-05-18T21:08:44.249Z"}],"timestamp":"2025-05-18T21:08:44.250Z"}
{"level":"error","message":"Memory LEAK Alert: {\n  \"growth\": {\n    \"heap\": \"1MB/interval\",\n    \"rss\": \"-17MB/interval\"\n  }\n}","service":"api","timestamp":"2025-05-18T21:08:44.253Z"}
{"growth":{"heap":"0MB/interval","rss":"1MB/interval"},"level":"error","message":"Potential memory leak detected","service":"api","snapshots":[{"growth":"0MB","heapUsed":"17MB","timestamp":"2025-05-18T21:12:10.860Z"}],"timestamp":"2025-05-18T21:12:10.861Z"}
{"level":"error","message":"Memory LEAK Alert: {\n  \"growth\": {\n    \"heap\": \"0MB/interval\",\n    \"rss\": \"1MB/interval\"\n  }\n}","service":"api","timestamp":"2025-05-18T21:12:10.863Z"}
{"level":"error","message":"Memory CRITICAL Alert: {\n  \"heapUsage\": \"85.4%\",\n  \"systemUsage\": \"99.1%\",\n  \"growth\": {\n    \"heap\": \"0MB\",\n    \"rss\": \"0MB\"\n  }\n}","service":"api","timestamp":"2025-05-18T21:17:11.099Z"}
{"level":"error","message":"Memory CRITICAL Alert: {\n  \"heapUsage\": \"85.4%\",\n  \"systemUsage\": \"98.9%\",\n  \"growth\": {\n    \"heap\": \"0MB\",\n    \"rss\": \"0MB\"\n  }\n}","service":"api","timestamp":"2025-05-18T21:22:11.350Z"}
{"level":"error","message":"Memory CRITICAL Alert: {\n  \"heapUsage\": \"88.1%\",\n  \"systemUsage\": \"98.4%\",\n  \"growth\": {\n    \"heap\": \"0MB\",\n    \"rss\": \"0MB\"\n  }\n}","service":"api","timestamp":"2025-05-18T21:27:11.573Z"}
{"address":null,"code":"EADDRINUSE","errno":-48,"level":"error","message":"Uncaught Exception: bind EADDRINUSE null:3000","port":3000,"service":"api","stack":"Error: bind EADDRINUSE null:3000\n    at listenOnPrimaryHandle (node:net:2018:18)\n    at rr (node:internal/cluster/child:163:12)\n    at Worker.<anonymous> (node:internal/cluster/child:113:7)\n    at process.onInternalMessage (node:internal/cluster/utils:49:5)\n    at process.emit (node:events:530:35)\n    at emit (node:internal/child_process:949:14)\n    at process.processTicksAndRejections (node:internal/process/task_queues:91:21)","syscall":"bind","timestamp":"2025-05-18T21:33:32.537Z"}
{"growth":{"heap":"0MB/interval","rss":"-20MB/interval"},"level":"error","message":"Potential memory leak detected","service":"api","snapshots":[{"growth":"0MB","heapUsed":"17MB","timestamp":"2025-05-18T21:33:33.514Z"}],"timestamp":"2025-05-18T21:33:33.515Z"}
{"level":"error","message":"Memory LEAK Alert: {\n  \"growth\": {\n    \"heap\": \"0MB/interval\",\n    \"rss\": \"-20MB/interval\"\n  }\n}","service":"api","timestamp":"2025-05-18T21:33:33.517Z"}
{"address":null,"code":"EADDRINUSE","errno":-48,"level":"error","message":"Uncaught Exception: bind EADDRINUSE null:3000","port":3000,"service":"api","stack":"Error: bind EADDRINUSE null:3000\n    at listenOnPrimaryHandle (node:net:2018:18)\n    at rr (node:internal/cluster/child:163:12)\n    at Worker.<anonymous> (node:internal/cluster/child:113:7)\n    at process.onInternalMessage (node:internal/cluster/utils:49:5)\n    at process.emit (node:events:530:35)\n    at emit (node:internal/child_process:949:14)\n    at process.processTicksAndRejections (node:internal/process/task_queues:91:21)","syscall":"bind","timestamp":"2025-05-18T21:33:34.968Z"}
{"growth":{"heap":"0MB/interval","rss":"-18MB/interval"},"level":"error","message":"Potential memory leak detected","service":"api","snapshots":[{"growth":"0MB","heapUsed":"17MB","timestamp":"2025-05-18T21:33:35.947Z"}],"timestamp":"2025-05-18T21:33:35.948Z"}
{"level":"error","message":"Memory LEAK Alert: {\n  \"growth\": {\n    \"heap\": \"0MB/interval\",\n    \"rss\": \"-18MB/interval\"\n  }\n}","service":"api","timestamp":"2025-05-18T21:33:35.951Z"}
{"address":null,"code":"EADDRINUSE","errno":-48,"level":"error","message":"Uncaught Exception: bind EADDRINUSE null:3000","port":3000,"service":"api","stack":"Error: bind EADDRINUSE null:3000\n    at listenOnPrimaryHandle (node:net:2018:18)\n    at rr (node:internal/cluster/child:163:12)\n    at Worker.<anonymous> (node:internal/cluster/child:113:7)\n    at process.onInternalMessage (node:internal/cluster/utils:49:5)\n    at process.emit (node:events:530:35)\n    at emit (node:internal/child_process:949:14)\n    at process.processTicksAndRejections (node:internal/process/task_queues:91:21)","syscall":"bind","timestamp":"2025-05-18T21:33:37.922Z"}
{"growth":{"heap":"0MB/interval","rss":"-25MB/interval"},"level":"error","message":"Potential memory leak detected","service":"api","snapshots":[{"growth":"0MB","heapUsed":"17MB","timestamp":"2025-05-18T21:33:38.887Z"}],"timestamp":"2025-05-18T21:33:38.888Z"}
{"level":"error","message":"Memory LEAK Alert: {\n  \"growth\": {\n    \"heap\": \"0MB/interval\",\n    \"rss\": \"-25MB/interval\"\n  }\n}","service":"api","timestamp":"2025-05-18T21:33:38.890Z"}
{"address":null,"code":"EADDRINUSE","errno":-48,"level":"error","message":"Uncaught Exception: bind EADDRINUSE null:3000","port":3000,"service":"api","stack":"Error: bind EADDRINUSE null:3000\n    at listenOnPrimaryHandle (node:net:2018:18)\n    at rr (node:internal/cluster/child:163:12)\n    at Worker.<anonymous> (node:internal/cluster/child:113:7)\n    at process.onInternalMessage (node:internal/cluster/utils:49:5)\n    at process.emit (node:events:530:35)\n    at emit (node:internal/child_process:949:14)\n    at process.processTicksAndRejections (node:internal/process/task_queues:91:21)","syscall":"bind","timestamp":"2025-05-18T21:33:41.649Z"}
{"growth":{"heap":"0MB/interval","rss":"-24MB/interval"},"level":"error","message":"Potential memory leak detected","service":"api","snapshots":[{"growth":"0MB","heapUsed":"17MB","timestamp":"2025-05-18T21:33:42.604Z"}],"timestamp":"2025-05-18T21:33:42.607Z"}
{"level":"error","message":"Memory LEAK Alert: {\n  \"growth\": {\n    \"heap\": \"0MB/interval\",\n    \"rss\": \"-24MB/interval\"\n  }\n}","service":"api","timestamp":"2025-05-18T21:33:42.620Z"}
{"address":null,"code":"EADDRINUSE","errno":-48,"level":"error","message":"Uncaught Exception: bind EADDRINUSE null:3000","port":3000,"service":"api","stack":"Error: bind EADDRINUSE null:3000\n    at listenOnPrimaryHandle (node:net:2018:18)\n    at rr (node:internal/cluster/child:163:12)\n    at Worker.<anonymous> (node:internal/cluster/child:113:7)\n    at process.onInternalMessage (node:internal/cluster/utils:49:5)\n    at process.emit (node:events:530:35)\n    at emit (node:internal/child_process:949:14)\n    at process.processTicksAndRejections (node:internal/process/task_queues:91:21)","syscall":"bind","timestamp":"2025-05-18T21:33:46.574Z"}
{"growth":{"heap":"0MB/interval","rss":"-23MB/interval"},"level":"error","message":"Potential memory leak detected","service":"api","snapshots":[{"growth":"0MB","heapUsed":"17MB","timestamp":"2025-05-18T21:33:47.528Z"}],"timestamp":"2025-05-18T21:33:47.529Z"}
{"level":"error","message":"Memory LEAK Alert: {\n  \"growth\": {\n    \"heap\": \"0MB/interval\",\n    \"rss\": \"-23MB/interval\"\n  }\n}","service":"api","timestamp":"2025-05-18T21:33:47.530Z"}
{"address":null,"code":"EADDRINUSE","errno":-48,"level":"error","message":"Uncaught Exception: bind EADDRINUSE null:3000","port":3000,"service":"api","stack":"Error: bind EADDRINUSE null:3000\n    at listenOnPrimaryHandle (node:net:2018:18)\n    at rr (node:internal/cluster/child:163:12)\n    at Worker.<anonymous> (node:internal/cluster/child:113:7)\n    at process.onInternalMessage (node:internal/cluster/utils:49:5)\n    at process.emit (node:events:530:35)\n    at emit (node:internal/child_process:949:14)\n    at process.processTicksAndRejections (node:internal/process/task_queues:91:21)","syscall":"bind","timestamp":"2025-05-18T21:33:53.742Z"}
{"growth":{"heap":"0MB/interval","rss":"-24MB/interval"},"level":"error","message":"Potential memory leak detected","service":"api","snapshots":[{"growth":"0MB","heapUsed":"17MB","timestamp":"2025-05-18T21:33:54.683Z"}],"timestamp":"2025-05-18T21:33:54.684Z"}
{"level":"error","message":"Memory LEAK Alert: {\n  \"growth\": {\n    \"heap\": \"0MB/interval\",\n    \"rss\": \"-24MB/interval\"\n  }\n}","service":"api","timestamp":"2025-05-18T21:33:54.685Z"}
{"address":null,"code":"EADDRINUSE","errno":-48,"level":"error","message":"Uncaught Exception: bind EADDRINUSE null:3000","port":3000,"service":"api","stack":"Error: bind EADDRINUSE null:3000\n    at listenOnPrimaryHandle (node:net:2018:18)\n    at rr (node:internal/cluster/child:163:12)\n    at Worker.<anonymous> (node:internal/cluster/child:113:7)\n    at process.onInternalMessage (node:internal/cluster/utils:49:5)\n    at process.emit (node:events:530:35)\n    at emit (node:internal/child_process:949:14)\n    at process.processTicksAndRejections (node:internal/process/task_queues:91:21)","syscall":"bind","timestamp":"2025-05-18T21:34:03.101Z"}
{"growth":{"heap":"0MB/interval","rss":"-26MB/interval"},"level":"error","message":"Potential memory leak detected","service":"api","snapshots":[{"growth":"0MB","heapUsed":"17MB","timestamp":"2025-05-18T21:34:04.018Z"}],"timestamp":"2025-05-18T21:34:04.019Z"}
{"level":"error","message":"Memory LEAK Alert: {\n  \"growth\": {\n    \"heap\": \"0MB/interval\",\n    \"rss\": \"-26MB/interval\"\n  }\n}","service":"api","timestamp":"2025-05-18T21:34:04.022Z"}
{"address":null,"code":"EADDRINUSE","errno":-48,"level":"error","message":"Uncaught Exception: bind EADDRINUSE null:3000","port":3000,"service":"api","stack":"Error: bind EADDRINUSE null:3000\n    at listenOnPrimaryHandle (node:net:2018:18)\n    at rr (node:internal/cluster/child:163:12)\n    at Worker.<anonymous> (node:internal/cluster/child:113:7)\n    at process.onInternalMessage (node:internal/cluster/utils:49:5)\n    at process.emit (node:events:530:35)\n    at emit (node:internal/child_process:949:14)\n    at process.processTicksAndRejections (node:internal/process/task_queues:91:21)","syscall":"bind","timestamp":"2025-05-18T21:34:16.083Z"}
{"growth":{"heap":"0MB/interval","rss":"-23MB/interval"},"level":"error","message":"Potential memory leak detected","service":"api","snapshots":[{"growth":"0MB","heapUsed":"17MB","timestamp":"2025-05-18T21:34:17.061Z"}],"timestamp":"2025-05-18T21:34:17.061Z"}
{"level":"error","message":"Memory LEAK Alert: {\n  \"growth\": {\n    \"heap\": \"0MB/interval\",\n    \"rss\": \"-23MB/interval\"\n  }\n}","service":"api","timestamp":"2025-05-18T21:34:17.063Z"}
{"address":null,"code":"EADDRINUSE","errno":-48,"level":"error","message":"Uncaught Exception: bind EADDRINUSE null:3000","port":3000,"service":"api","stack":"Error: bind EADDRINUSE null:3000\n    at listenOnPrimaryHandle (node:net:2018:18)\n    at rr (node:internal/cluster/child:163:12)\n    at Worker.<anonymous> (node:internal/cluster/child:113:7)\n    at process.onInternalMessage (node:internal/cluster/utils:49:5)\n    at process.emit (node:events:530:35)\n    at emit (node:internal/child_process:949:14)\n    at process.processTicksAndRejections (node:internal/process/task_queues:91:21)","syscall":"bind","timestamp":"2025-05-18T21:34:32.523Z"}
{"growth":{"heap":"0MB/interval","rss":"-2MB/interval"},"level":"error","message":"Potential memory leak detected","service":"api","snapshots":[{"growth":"0MB","heapUsed":"17MB","timestamp":"2025-05-18T21:34:33.512Z"}],"timestamp":"2025-05-18T21:34:33.512Z"}
{"level":"error","message":"Memory LEAK Alert: {\n  \"growth\": {\n    \"heap\": \"0MB/interval\",\n    \"rss\": \"-2MB/interval\"\n  }\n}","service":"api","timestamp":"2025-05-18T21:34:33.513Z"}
{"address":null,"code":"EADDRINUSE","errno":-48,"level":"error","message":"Uncaught Exception: bind EADDRINUSE null:3000","port":3000,"service":"api","stack":"Error: bind EADDRINUSE null:3000\n    at listenOnPrimaryHandle (node:net:2018:18)\n    at rr (node:internal/cluster/child:163:12)\n    at Worker.<anonymous> (node:internal/cluster/child:113:7)\n    at process.onInternalMessage (node:internal/cluster/utils:49:5)\n    at process.emit (node:events:530:35)\n    at emit (node:internal/child_process:949:14)\n    at process.processTicksAndRejections (node:internal/process/task_queues:91:21)","syscall":"bind","timestamp":"2025-05-18T21:34:48.877Z"}
{"growth":{"heap":"0MB/interval","rss":"-4MB/interval"},"level":"error","message":"Potential memory leak detected","service":"api","snapshots":[{"growth":"0MB","heapUsed":"17MB","timestamp":"2025-05-18T21:34:49.859Z"}],"timestamp":"2025-05-18T21:34:49.860Z"}
{"level":"error","message":"Memory LEAK Alert: {\n  \"growth\": {\n    \"heap\": \"0MB/interval\",\n    \"rss\": \"-4MB/interval\"\n  }\n}","service":"api","timestamp":"2025-05-18T21:34:49.860Z"}
{"address":null,"code":"EADDRINUSE","errno":-48,"level":"error","message":"Uncaught Exception: bind EADDRINUSE null:3000","port":3000,"service":"api","stack":"Error: bind EADDRINUSE null:3000\n    at listenOnPrimaryHandle (node:net:2018:18)\n    at rr (node:internal/cluster/child:163:12)\n    at Worker.<anonymous> (node:internal/cluster/child:113:7)\n    at process.onInternalMessage (node:internal/cluster/utils:49:5)\n    at process.emit (node:events:530:35)\n    at emit (node:internal/child_process:949:14)\n    at process.processTicksAndRejections (node:internal/process/task_queues:91:21)","syscall":"bind","timestamp":"2025-05-18T21:35:05.183Z"}
{"growth":{"heap":"0MB/interval","rss":"1MB/interval"},"level":"error","message":"Potential memory leak detected","service":"api","snapshots":[{"growth":"0MB","heapUsed":"17MB","timestamp":"2025-05-18T21:35:06.172Z"}],"timestamp":"2025-05-18T21:35:06.172Z"}
{"level":"error","message":"Memory LEAK Alert: {\n  \"growth\": {\n    \"heap\": \"0MB/interval\",\n    \"rss\": \"1MB/interval\"\n  }\n}","service":"api","timestamp":"2025-05-18T21:35:06.174Z"}
{"address":null,"code":"EADDRINUSE","errno":-48,"level":"error","message":"Uncaught Exception: bind EADDRINUSE null:3000","port":3000,"service":"api","stack":"Error: bind EADDRINUSE null:3000\n    at listenOnPrimaryHandle (node:net:2018:18)\n    at rr (node:internal/cluster/child:163:12)\n    at Worker.<anonymous> (node:internal/cluster/child:113:7)\n    at process.onInternalMessage (node:internal/cluster/utils:49:5)\n    at process.emit (node:events:530:35)\n    at emit (node:internal/child_process:949:14)\n    at process.processTicksAndRejections (node:internal/process/task_queues:91:21)","syscall":"bind","timestamp":"2025-05-18T21:35:21.547Z"}
{"growth":{"heap":"0MB/interval","rss":"-5MB/interval"},"level":"error","message":"Potential memory leak detected","service":"api","snapshots":[{"growth":"0MB","heapUsed":"17MB","timestamp":"2025-05-18T21:35:22.535Z"}],"timestamp":"2025-05-18T21:35:22.535Z"}
{"level":"error","message":"Memory LEAK Alert: {\n  \"growth\": {\n    \"heap\": \"0MB/interval\",\n    \"rss\": \"-5MB/interval\"\n  }\n}","service":"api","timestamp":"2025-05-18T21:35:22.536Z"}
{"address":null,"code":"EADDRINUSE","errno":-48,"level":"error","message":"Uncaught Exception: bind EADDRINUSE null:3000","port":3000,"service":"api","stack":"Error: bind EADDRINUSE null:3000\n    at listenOnPrimaryHandle (node:net:2018:18)\n    at rr (node:internal/cluster/child:163:12)\n    at Worker.<anonymous> (node:internal/cluster/child:113:7)\n    at process.onInternalMessage (node:internal/cluster/utils:49:5)\n    at process.emit (node:events:530:35)\n    at emit (node:internal/child_process:949:14)\n    at process.processTicksAndRejections (node:internal/process/task_queues:91:21)","syscall":"bind","timestamp":"2025-05-18T21:35:37.937Z"}
{"growth":{"heap":"0MB/interval","rss":"0MB/interval"},"level":"error","message":"Potential memory leak detected","service":"api","snapshots":[{"growth":"0MB","heapUsed":"17MB","timestamp":"2025-05-18T21:35:38.922Z"}],"timestamp":"2025-05-18T21:35:38.923Z"}
{"level":"error","message":"Memory LEAK Alert: {\n  \"growth\": {\n    \"heap\": \"0MB/interval\",\n    \"rss\": \"0MB/interval\"\n  }\n}","service":"api","timestamp":"2025-05-18T21:35:38.924Z"}
{"address":null,"code":"EADDRINUSE","errno":-48,"level":"error","message":"Uncaught Exception: bind EADDRINUSE null:3000","port":3000,"service":"api","stack":"Error: bind EADDRINUSE null:3000\n    at listenOnPrimaryHandle (node:net:2018:18)\n    at rr (node:internal/cluster/child:163:12)\n    at Worker.<anonymous> (node:internal/cluster/child:113:7)\n    at process.onInternalMessage (node:internal/cluster/utils:49:5)\n    at process.emit (node:events:530:35)\n    at emit (node:internal/child_process:949:14)\n    at process.processTicksAndRejections (node:internal/process/task_queues:91:21)","syscall":"bind","timestamp":"2025-05-18T21:35:54.244Z"}
{"growth":{"heap":"0MB/interval","rss":"1MB/interval"},"level":"error","message":"Potential memory leak detected","service":"api","snapshots":[{"growth":"0MB","heapUsed":"17MB","timestamp":"2025-05-18T21:35:55.234Z"}],"timestamp":"2025-05-18T21:35:55.235Z"}
{"level":"error","message":"Memory LEAK Alert: {\n  \"growth\": {\n    \"heap\": \"0MB/interval\",\n    \"rss\": \"1MB/interval\"\n  }\n}","service":"api","timestamp":"2025-05-18T21:35:55.236Z"}
{"address":null,"code":"EADDRINUSE","errno":-48,"level":"error","message":"Uncaught Exception: bind EADDRINUSE null:3000","port":3000,"service":"api","stack":"Error: bind EADDRINUSE null:3000\n    at listenOnPrimaryHandle (node:net:2018:18)\n    at rr (node:internal/cluster/child:163:12)\n    at Worker.<anonymous> (node:internal/cluster/child:113:7)\n    at process.onInternalMessage (node:internal/cluster/utils:49:5)\n    at process.emit (node:events:530:35)\n    at emit (node:internal/child_process:949:14)\n    at process.processTicksAndRejections (node:internal/process/task_queues:91:21)","syscall":"bind","timestamp":"2025-05-18T21:36:10.578Z"}
{"address":null,"code":"EADDRINUSE","errno":-48,"level":"error","message":"Uncaught Exception: bind EADDRINUSE null:3000","port":3000,"service":"api","stack":"Error: bind EADDRINUSE null:3000\n    at listenOnPrimaryHandle (node:net:2018:18)\n    at rr (node:internal/cluster/child:163:12)\n    at Worker.<anonymous> (node:internal/cluster/child:113:7)\n    at process.onInternalMessage (node:internal/cluster/utils:49:5)\n    at process.emit (node:events:530:35)\n    at emit (node:internal/child_process:949:14)\n    at process.processTicksAndRejections (node:internal/process/task_queues:91:21)","syscall":"bind","timestamp":"2025-05-18T21:36:11.604Z"}
{"growth":{"heap":"0MB/interval","rss":"2MB/interval"},"level":"error","message":"Potential memory leak detected","service":"api","snapshots":[{"growth":"0MB","heapUsed":"17MB","timestamp":"2025-05-18T21:36:12.598Z"}],"timestamp":"2025-05-18T21:36:12.598Z"}
{"level":"error","message":"Memory LEAK Alert: {\n  \"growth\": {\n    \"heap\": \"0MB/interval\",\n    \"rss\": \"2MB/interval\"\n  }\n}","service":"api","timestamp":"2025-05-18T21:36:12.599Z"}
{"address":null,"code":"EADDRINUSE","errno":-48,"level":"error","message":"Uncaught Exception: bind EADDRINUSE null:3000","port":3000,"service":"api","stack":"Error: bind EADDRINUSE null:3000\n    at listenOnPrimaryHandle (node:net:2018:18)\n    at rr (node:internal/cluster/child:163:12)\n    at Worker.<anonymous> (node:internal/cluster/child:113:7)\n    at process.onInternalMessage (node:internal/cluster/utils:49:5)\n    at process.emit (node:events:530:35)\n    at emit (node:internal/child_process:949:14)\n    at process.processTicksAndRejections (node:internal/process/task_queues:91:21)","syscall":"bind","timestamp":"2025-05-18T21:36:13.834Z"}
{"growth":{"heap":"0MB/interval","rss":"-12MB/interval"},"level":"error","message":"Potential memory leak detected","service":"api","snapshots":[{"growth":"0MB","heapUsed":"17MB","timestamp":"2025-05-18T21:36:14.825Z"}],"timestamp":"2025-05-18T21:36:14.825Z"}
{"level":"error","message":"Memory LEAK Alert: {\n  \"growth\": {\n    \"heap\": \"0MB/interval\",\n    \"rss\": \"-12MB/interval\"\n  }\n}","service":"api","timestamp":"2025-05-18T21:36:14.827Z"}
{"address":null,"code":"EADDRINUSE","errno":-48,"level":"error","message":"Uncaught Exception: bind EADDRINUSE null:3000","port":3000,"service":"api","stack":"Error: bind EADDRINUSE null:3000\n    at listenOnPrimaryHandle (node:net:2018:18)\n    at rr (node:internal/cluster/child:163:12)\n    at Worker.<anonymous> (node:internal/cluster/child:113:7)\n    at process.onInternalMessage (node:internal/cluster/utils:49:5)\n    at process.emit (node:events:530:35)\n    at emit (node:internal/child_process:949:14)\n    at process.processTicksAndRejections (node:internal/process/task_queues:91:21)","syscall":"bind","timestamp":"2025-05-18T21:36:16.945Z"}
{"growth":{"heap":"0MB/interval","rss":"-4MB/interval"},"level":"error","message":"Potential memory leak detected","service":"api","snapshots":[{"growth":"0MB","heapUsed":"17MB","timestamp":"2025-05-18T21:36:17.931Z"}],"timestamp":"2025-05-18T21:36:17.932Z"}
{"level":"error","message":"Memory LEAK Alert: {\n  \"growth\": {\n    \"heap\": \"0MB/interval\",\n    \"rss\": \"-4MB/interval\"\n  }\n}","service":"api","timestamp":"2025-05-18T21:36:17.932Z"}
{"address":null,"code":"EADDRINUSE","errno":-48,"level":"error","message":"Uncaught Exception: bind EADDRINUSE null:3000","port":3000,"service":"api","stack":"Error: bind EADDRINUSE null:3000\n    at listenOnPrimaryHandle (node:net:2018:18)\n    at rr (node:internal/cluster/child:163:12)\n    at Worker.<anonymous> (node:internal/cluster/child:113:7)\n    at process.onInternalMessage (node:internal/cluster/utils:49:5)\n    at process.emit (node:events:530:35)\n    at emit (node:internal/child_process:949:14)\n    at process.processTicksAndRejections (node:internal/process/task_queues:91:21)","syscall":"bind","timestamp":"2025-05-18T21:36:20.492Z"}
{"growth":{"heap":"0MB/interval","rss":"-11MB/interval"},"level":"error","message":"Potential memory leak detected","service":"api","snapshots":[{"growth":"0MB","heapUsed":"17MB","timestamp":"2025-05-18T21:36:21.482Z"}],"timestamp":"2025-05-18T21:36:21.483Z"}
{"level":"error","message":"Memory LEAK Alert: {\n  \"growth\": {\n    \"heap\": \"0MB/interval\",\n    \"rss\": \"-11MB/interval\"\n  }\n}","service":"api","timestamp":"2025-05-18T21:36:21.483Z"}
{"address":null,"code":"EADDRINUSE","errno":-48,"level":"error","message":"Uncaught Exception: bind EADDRINUSE null:3000","port":3000,"service":"api","stack":"Error: bind EADDRINUSE null:3000\n    at listenOnPrimaryHandle (node:net:2018:18)\n    at rr (node:internal/cluster/child:163:12)\n    at Worker.<anonymous> (node:internal/cluster/child:113:7)\n    at process.onInternalMessage (node:internal/cluster/utils:49:5)\n    at process.emit (node:events:530:35)\n    at emit (node:internal/child_process:949:14)\n    at process.processTicksAndRejections (node:internal/process/task_queues:91:21)","syscall":"bind","timestamp":"2025-05-18T21:36:25.242Z"}
{"growth":{"heap":"0MB/interval","rss":"-6MB/interval"},"level":"error","message":"Potential memory leak detected","service":"api","snapshots":[{"growth":"0MB","heapUsed":"17MB","timestamp":"2025-05-18T21:36:26.225Z"}],"timestamp":"2025-05-18T21:36:26.226Z"}
{"level":"error","message":"Memory LEAK Alert: {\n  \"growth\": {\n    \"heap\": \"0MB/interval\",\n    \"rss\": \"-6MB/interval\"\n  }\n}","service":"api","timestamp":"2025-05-18T21:36:26.227Z"}
{"address":null,"code":"EADDRINUSE","errno":-48,"level":"error","message":"Uncaught Exception: bind EADDRINUSE null:3000","port":3000,"service":"api","stack":"Error: bind EADDRINUSE null:3000\n    at listenOnPrimaryHandle (node:net:2018:18)\n    at rr (node:internal/cluster/child:163:12)\n    at Worker.<anonymous> (node:internal/cluster/child:113:7)\n    at process.onInternalMessage (node:internal/cluster/utils:49:5)\n    at process.emit (node:events:530:35)\n    at emit (node:internal/child_process:949:14)\n    at process.processTicksAndRejections (node:internal/process/task_queues:91:21)","syscall":"bind","timestamp":"2025-05-18T21:36:31.558Z"}
{"growth":{"heap":"0MB/interval","rss":"0MB/interval"},"level":"error","message":"Potential memory leak detected","service":"api","snapshots":[{"growth":"0MB","heapUsed":"17MB","timestamp":"2025-05-18T21:36:32.549Z"}],"timestamp":"2025-05-18T21:36:32.549Z"}
{"level":"error","message":"Memory LEAK Alert: {\n  \"growth\": {\n    \"heap\": \"0MB/interval\",\n    \"rss\": \"0MB/interval\"\n  }\n}","service":"api","timestamp":"2025-05-18T21:36:32.550Z"}
{"address":null,"code":"EADDRINUSE","errno":-48,"level":"error","message":"Uncaught Exception: bind EADDRINUSE null:3000","port":3000,"service":"api","stack":"Error: bind EADDRINUSE null:3000\n    at listenOnPrimaryHandle (node:net:2018:18)\n    at rr (node:internal/cluster/child:163:12)\n    at Worker.<anonymous> (node:internal/cluster/child:113:7)\n    at process.onInternalMessage (node:internal/cluster/utils:49:5)\n    at process.emit (node:events:530:35)\n    at emit (node:internal/child_process:949:14)\n    at process.processTicksAndRejections (node:internal/process/task_queues:91:21)","syscall":"bind","timestamp":"2025-05-18T21:36:40.398Z"}
{"growth":{"heap":"0MB/interval","rss":"-4MB/interval"},"level":"error","message":"Potential memory leak detected","service":"api","snapshots":[{"growth":"0MB","heapUsed":"17MB","timestamp":"2025-05-18T21:36:41.387Z"}],"timestamp":"2025-05-18T21:36:41.387Z"}
{"level":"error","message":"Memory LEAK Alert: {\n  \"growth\": {\n    \"heap\": \"0MB/interval\",\n    \"rss\": \"-4MB/interval\"\n  }\n}","service":"api","timestamp":"2025-05-18T21:36:41.388Z"}
{"address":null,"code":"EADDRINUSE","errno":-48,"level":"error","message":"Uncaught Exception: bind EADDRINUSE null:3000","port":3000,"service":"api","stack":"Error: bind EADDRINUSE null:3000\n    at listenOnPrimaryHandle (node:net:2018:18)\n    at rr (node:internal/cluster/child:163:12)\n    at Worker.<anonymous> (node:internal/cluster/child:113:7)\n    at process.onInternalMessage (node:internal/cluster/utils:49:5)\n    at process.emit (node:events:530:35)\n    at emit (node:internal/child_process:949:14)\n    at process.processTicksAndRejections (node:internal/process/task_queues:91:21)","syscall":"bind","timestamp":"2025-05-18T21:36:53.139Z"}
{"growth":{"heap":"0MB/interval","rss":"1MB/interval"},"level":"error","message":"Potential memory leak detected","service":"api","snapshots":[{"growth":"0MB","heapUsed":"17MB","timestamp":"2025-05-18T21:36:54.127Z"}],"timestamp":"2025-05-18T21:36:54.127Z"}
{"level":"error","message":"Memory LEAK Alert: {\n  \"growth\": {\n    \"heap\": \"0MB/interval\",\n    \"rss\": \"1MB/interval\"\n  }\n}","service":"api","timestamp":"2025-05-18T21:36:54.129Z"}
{"address":null,"code":"EADDRINUSE","errno":-48,"level":"error","message":"Uncaught Exception: bind EADDRINUSE null:3000","port":3000,"service":"api","stack":"Error: bind EADDRINUSE null:3000\n    at listenOnPrimaryHandle (node:net:2018:18)\n    at rr (node:internal/cluster/child:163:12)\n    at Worker.<anonymous> (node:internal/cluster/child:113:7)\n    at process.onInternalMessage (node:internal/cluster/utils:49:5)\n    at process.emit (node:events:530:35)\n    at emit (node:internal/child_process:949:14)\n    at process.processTicksAndRejections (node:internal/process/task_queues:91:21)","syscall":"bind","timestamp":"2025-05-18T21:37:09.625Z"}
{"growth":{"heap":"0MB/interval","rss":"-16MB/interval"},"level":"error","message":"Potential memory leak detected","service":"api","snapshots":[{"growth":"0MB","heapUsed":"17MB","timestamp":"2025-05-18T21:37:10.605Z"}],"timestamp":"2025-05-18T21:37:10.606Z"}
{"level":"error","message":"Memory LEAK Alert: {\n  \"growth\": {\n    \"heap\": \"0MB/interval\",\n    \"rss\": \"-16MB/interval\"\n  }\n}","service":"api","timestamp":"2025-05-18T21:37:10.607Z"}
{"growth":{"heap":"0MB/interval","rss":"-2MB/interval"},"level":"error","message":"Potential memory leak detected","service":"api","snapshots":[{"growth":"0MB","heapUsed":"17MB","timestamp":"2025-05-18T21:37:12.852Z"}],"timestamp":"2025-05-18T21:37:12.852Z"}
{"level":"error","message":"Memory LEAK Alert: {\n  \"growth\": {\n    \"heap\": \"0MB/interval\",\n    \"rss\": \"-2MB/interval\"\n  }\n}","service":"api","timestamp":"2025-05-18T21:37:12.853Z"}
{"level":"error","message":"Memory CRITICAL Alert: {\n  \"heapUsage\": \"85.1%\",\n  \"systemUsage\": \"98.3%\",\n  \"growth\": {\n    \"heap\": \"0MB\",\n    \"rss\": \"-1MB\"\n  }\n}","service":"api","timestamp":"2025-05-18T21:42:13.067Z"}
{"growth":{"heap":"0MB/interval","rss":"-2MB/interval"},"level":"error","message":"Potential memory leak detected","service":"api","snapshots":[{"growth":"0MB","heapUsed":"17MB","timestamp":"2025-05-18T21:42:44.404Z"}],"timestamp":"2025-05-18T21:42:44.404Z"}
{"level":"error","message":"Memory LEAK Alert: {\n  \"growth\": {\n    \"heap\": \"0MB/interval\",\n    \"rss\": \"-2MB/interval\"\n  }\n}","service":"api","timestamp":"2025-05-18T21:42:44.404Z"}
{"level":"error","message":"Unhandled Rejection at:","service":"api","timestamp":"2025-05-18T21:46:11.168Z"}
{"growth":{"heap":"0MB/interval","rss":"1MB/interval"},"level":"error","message":"Potential memory leak detected","service":"api","snapshots":[{"growth":"0MB","heapUsed":"17MB","timestamp":"2025-05-18T21:46:14.619Z"}],"timestamp":"2025-05-18T21:46:14.619Z"}
{"level":"error","message":"Memory LEAK Alert: {\n  \"growth\": {\n    \"heap\": \"0MB/interval\",\n    \"rss\": \"1MB/interval\"\n  }\n}","service":"api","timestamp":"2025-05-18T21:46:14.621Z"}
{"level":"error","message":"Memory CRITICAL Alert: {\n  \"heapUsage\": \"84.4%\",\n  \"systemUsage\": \"97.9%\",\n  \"growth\": {\n    \"heap\": \"0MB\",\n    \"rss\": \"-16MB\"\n  }\n}","service":"api","timestamp":"2025-05-18T21:51:14.893Z"}
{"level":"error","message":"Memory CRITICAL Alert: {\n  \"heapUsage\": \"84.3%\",\n  \"systemUsage\": \"87.9%\",\n  \"growth\": {\n    \"heap\": \"0MB\",\n    \"rss\": \"0MB\"\n  }\n}","service":"api","timestamp":"2025-05-18T21:56:15.165Z"}
{"level":"error","message":"Memory CRITICAL Alert: {\n  \"heapUsage\": \"86.3%\",\n  \"systemUsage\": \"99.2%\",\n  \"growth\": {\n    \"heap\": \"0MB\",\n    \"rss\": \"0MB\"\n  }\n}","service":"api","timestamp":"2025-05-18T22:01:15.406Z"}
{"level":"error","message":"Memory CRITICAL Alert: {\n  \"heapUsage\": \"84.8%\",\n  \"systemUsage\": \"99.0%\",\n  \"growth\": {\n    \"heap\": \"0MB\",\n    \"rss\": \"0MB\"\n  }\n}","service":"api","timestamp":"2025-05-18T22:06:15.640Z"}
{"level":"error","message":"Memory CRITICAL Alert: {\n  \"heapUsage\": \"84.2%\",\n  \"systemUsage\": \"99.0%\",\n  \"growth\": {\n    \"heap\": \"0MB\",\n    \"rss\": \"0MB\"\n  }\n}","service":"api","timestamp":"2025-05-18T22:11:15.891Z"}
{"level":"error","message":"Memory CRITICAL Alert: {\n  \"heapUsage\": \"84.0%\",\n  \"systemUsage\": \"99.1%\",\n  \"growth\": {\n    \"heap\": \"0MB\",\n    \"rss\": \"0MB\"\n  }\n}","service":"api","timestamp":"2025-05-18T22:16:16.161Z"}
{"level":"error","message":"Memory CRITICAL Alert: {\n  \"heapUsage\": \"84.3%\",\n  \"systemUsage\": \"96.2%\",\n  \"growth\": {\n    \"heap\": \"0MB\",\n    \"rss\": \"0MB\"\n  }\n}","service":"api","timestamp":"2025-05-18T22:21:16.404Z"}
{"level":"error","message":"Memory CRITICAL Alert: {\n  \"heapUsage\": \"87.4%\",\n  \"systemUsage\": \"98.8%\",\n  \"growth\": {\n    \"heap\": \"0MB\",\n    \"rss\": \"0MB\"\n  }\n}","service":"api","timestamp":"2025-05-18T22:26:16.659Z"}
{"level":"error","message":"Memory CRITICAL Alert: {\n  \"heapUsage\": \"84.4%\",\n  \"systemUsage\": \"99.2%\",\n  \"growth\": {\n    \"heap\": \"0MB\",\n    \"rss\": \"0MB\"\n  }\n}","service":"api","timestamp":"2025-05-18T22:31:16.903Z"}
{"level":"error","message":"Memory CRITICAL Alert: {\n  \"heapUsage\": \"84.7%\",\n  \"systemUsage\": \"99.2%\",\n  \"growth\": {\n    \"heap\": \"0MB\",\n    \"rss\": \"0MB\"\n  }\n}","service":"api","timestamp":"2025-05-18T22:36:17.149Z"}
{"level":"error","message":"Memory CRITICAL Alert: {\n  \"heapUsage\": \"85.1%\",\n  \"systemUsage\": \"99.0%\",\n  \"growth\": {\n    \"heap\": \"0MB\",\n    \"rss\": \"0MB\"\n  }\n}","service":"api","timestamp":"2025-05-18T22:41:17.383Z"}
{"level":"error","message":"Memory CRITICAL Alert: {\n  \"heapUsage\": \"86.9%\",\n  \"systemUsage\": \"98.4%\",\n  \"growth\": {\n    \"heap\": \"0MB\",\n    \"rss\": \"0MB\"\n  }\n}","service":"api","timestamp":"2025-05-18T22:46:17.624Z"}
{"level":"error","message":"Memory CRITICAL Alert: {\n  \"heapUsage\": \"84.9%\",\n  \"systemUsage\": \"99.0%\",\n  \"growth\": {\n    \"heap\": \"0MB\",\n    \"rss\": \"0MB\"\n  }\n}","service":"api","timestamp":"2025-05-18T22:51:17.888Z"}
{"level":"error","message":"Memory CRITICAL Alert: {\n  \"heapUsage\": \"86.9%\",\n  \"systemUsage\": \"99.0%\",\n  \"growth\": {\n    \"heap\": \"0MB\",\n    \"rss\": \"0MB\"\n  }\n}","service":"api","timestamp":"2025-05-18T22:56:18.128Z"}
{"level":"error","message":"Memory CRITICAL Alert: {\n  \"heapUsage\": \"86.0%\",\n  \"systemUsage\": \"98.9%\",\n  \"growth\": {\n    \"heap\": \"0MB\",\n    \"rss\": \"0MB\"\n  }\n}","service":"api","timestamp":"2025-05-18T23:01:18.365Z"}
{"level":"error","message":"Memory CRITICAL Alert: {\n  \"heapUsage\": \"86.0%\",\n  \"systemUsage\": \"99.2%\",\n  \"growth\": {\n    \"heap\": \"0MB\",\n    \"rss\": \"0MB\"\n  }\n}","service":"api","timestamp":"2025-05-18T23:06:18.600Z"}
{"level":"error","message":"Memory CRITICAL Alert: {\n  \"heapUsage\": \"84.1%\",\n  \"systemUsage\": \"99.0%\",\n  \"growth\": {\n    \"heap\": \"0MB\",\n    \"rss\": \"0MB\"\n  }\n}","service":"api","timestamp":"2025-05-18T23:11:18.857Z"}
{"level":"error","message":"Memory CRITICAL Alert: {\n  \"heapUsage\": \"84.1%\",\n  \"systemUsage\": \"99.1%\",\n  \"growth\": {\n    \"heap\": \"0MB\",\n    \"rss\": \"0MB\"\n  }\n}","service":"api","timestamp":"2025-05-18T23:16:19.116Z"}
{"level":"error","message":"Memory CRITICAL Alert: {\n  \"heapUsage\": \"86.0%\",\n  \"systemUsage\": \"98.2%\",\n  \"growth\": {\n    \"heap\": \"0MB\",\n    \"rss\": \"0MB\"\n  }\n}","service":"api","timestamp":"2025-05-18T23:21:19.442Z"}
{"currentHeapUsed":"17MB","heapGrowth":"0MB","level":"error","message":"Memory leak detected","rssGrowth":"-5MB","service":"api","timestamp":"2025-05-18T23:30:24.218Z","trend":[{"heapUsed":"17MB","timestamp":"2025-05-18T23:29:44.205Z"},{"heapUsed":"17MB","timestamp":"2025-05-18T23:29:54.204Z"},{"heapUsed":"17MB","timestamp":"2025-05-18T23:30:04.206Z"},{"heapUsed":"17MB","timestamp":"2025-05-18T23:30:14.206Z"},{"heapUsed":"17MB","timestamp":"2025-05-18T23:30:24.207Z"}]}
